2022-08-22 19:06:18,579 INFO Log Class successfully executed!
2022-08-22 19:06:18,592 INFO readying the model..
2022-08-22 19:06:18,761 INFO Model executed succesfully!
2022-08-22 19:06:18,788 INFO The model is saved sucessfully!
2022-08-22 19:06:18,826 INFO The model appears to be 77.5666013666106% accurate.
2022-08-22 19:06:18,988 INFO readying the model..
2022-08-22 19:06:19,000 INFO Model executed succesfully!
2022-08-22 19:06:19,007 INFO readying the model..
2022-08-22 19:06:19,019 INFO Model executed succesfully!
2022-08-22 19:06:19,020 INFO readying the model..
2022-08-22 19:06:19,030 INFO Model executed succesfully!
2022-08-22 19:06:19,032 INFO readying the model..
2022-08-22 19:06:19,042 INFO Model executed succesfully!
2022-08-22 19:06:19,044 INFO readying the model..
2022-08-22 19:06:19,054 INFO Model executed succesfully!
2022-08-22 19:06:19,056 INFO readying the model..
2022-08-22 19:06:19,071 INFO Model executed succesfully!
2022-08-22 19:06:19,073 INFO readying the model..
2022-08-22 19:06:19,083 INFO Model executed succesfully!
2022-08-22 19:06:19,084 INFO readying the model..
2022-08-22 19:06:19,093 INFO Model executed succesfully!
2022-08-22 19:06:19,094 INFO readying the model..
2022-08-22 19:06:19,104 INFO Model executed succesfully!
2022-08-22 19:06:19,106 INFO readying the model..
2022-08-22 19:06:19,115 INFO Model executed succesfully!
